{"contracts\\lottery.sol":{"l":{"57":3,"58":3,"59":3,"60":3,"61":3,"62":3,"63":3,"64":3,"68":5,"69":4,"71":3,"72":3,"94":1,"95":1,"96":1,"97":1,"98":1,"104":1,"105":1,"106":0,"112":1,"113":1,"120":1,"127":0,"128":0,"129":0,"130":0,"131":0,"132":0,"133":0,"135":0,"136":0,"138":0,"144":5,"148":1,"152":0,"156":1,"160":0,"165":0,"169":0,"173":0,"178":5},"path":"C:\\Users\\Sosiaalinen\\LotteryRaffle\\contracts\\lottery.sol","s":{"1":5,"2":4,"3":3,"4":3,"5":1,"6":1,"7":1,"8":1,"9":1,"10":1,"11":1,"12":1,"13":0,"14":0,"15":0,"16":0,"17":0,"18":5,"19":1,"20":0,"21":1,"22":0,"23":0,"24":0,"25":0,"26":5},"b":{"1":[1,4],"2":[1,3],"3":[0,1],"4":[0,0]},"f":{"1":3,"2":5,"3":1,"4":1,"5":0,"6":5,"7":1,"8":0,"9":1,"10":0,"11":0,"12":0,"13":0,"14":5},"fnMap":{"1":{"name":"constructor","line":56,"loc":{"start":{"line":49,"column":4},"end":{"line":65,"column":4}}},"2":{"name":"enterLottery","line":67,"loc":{"start":{"line":67,"column":4},"end":{"line":73,"column":4}}},"3":{"name":"checkUpkeep","line":84,"loc":{"start":{"line":84,"column":4},"end":{"line":99,"column":4}}},"4":{"name":"performUpkeep","line":101,"loc":{"start":{"line":101,"column":4},"end":{"line":121,"column":4}}},"5":{"name":"fulfillRandomWords","line":123,"loc":{"start":{"line":123,"column":4},"end":{"line":139,"column":4}}},"6":{"name":"getEntranceFee","line":143,"loc":{"start":{"line":143,"column":4},"end":{"line":145,"column":4}}},"7":{"name":"getPlayer","line":147,"loc":{"start":{"line":147,"column":4},"end":{"line":149,"column":4}}},"8":{"name":"getRecentWinner","line":151,"loc":{"start":{"line":151,"column":4},"end":{"line":153,"column":4}}},"9":{"name":"getLotteryState","line":155,"loc":{"start":{"line":155,"column":4},"end":{"line":157,"column":4}}},"10":{"name":"getNumWords","line":159,"loc":{"start":{"line":159,"column":4},"end":{"line":162,"column":4}}},"11":{"name":"getNumberOfPlayers","line":164,"loc":{"start":{"line":164,"column":4},"end":{"line":166,"column":4}}},"12":{"name":"getLatestTimeStamp","line":168,"loc":{"start":{"line":168,"column":4},"end":{"line":170,"column":4}}},"13":{"name":"getRequestConfirmations","line":172,"loc":{"start":{"line":172,"column":4},"end":{"line":175,"column":4}}},"14":{"name":"getInterval","line":177,"loc":{"start":{"line":177,"column":4},"end":{"line":179,"column":4}}}},"statementMap":{"1":{"start":{"line":68,"column":8},"end":{"line":68,"column":69}},"2":{"start":{"line":69,"column":8},"end":{"line":69,"column":74}},"3":{"start":{"line":71,"column":8},"end":{"line":71,"column":42}},"4":{"start":{"line":72,"column":8},"end":{"line":72,"column":37}},"5":{"start":{"line":94,"column":8},"end":{"line":94,"column":59}},"6":{"start":{"line":95,"column":8},"end":{"line":95,"column":76}},"7":{"start":{"line":96,"column":8},"end":{"line":96,"column":48}},"8":{"start":{"line":97,"column":8},"end":{"line":97,"column":53}},"9":{"start":{"line":104,"column":8},"end":{"line":104,"column":47}},"10":{"start":{"line":105,"column":8},"end":{"line":105,"column":3728}},"11":{"start":{"line":113,"column":8},"end":{"line":113,"column":4000}},"12":{"start":{"line":120,"column":8},"end":{"line":120,"column":39}},"13":{"start":{"line":127,"column":8},"end":{"line":127,"column":65}},"14":{"start":{"line":128,"column":8},"end":{"line":128,"column":63}},"15":{"start":{"line":133,"column":8},"end":{"line":133,"column":78}},"16":{"start":{"line":135,"column":8},"end":{"line":135,"column":4801}},"17":{"start":{"line":138,"column":8},"end":{"line":138,"column":39}},"18":{"start":{"line":144,"column":8},"end":{"line":144,"column":28}},"19":{"start":{"line":148,"column":8},"end":{"line":148,"column":31}},"20":{"start":{"line":152,"column":8},"end":{"line":152,"column":29}},"21":{"start":{"line":156,"column":8},"end":{"line":156,"column":29}},"22":{"start":{"line":160,"column":8},"end":{"line":160,"column":24}},"23":{"start":{"line":165,"column":8},"end":{"line":165,"column":31}},"24":{"start":{"line":169,"column":8},"end":{"line":169,"column":30}},"25":{"start":{"line":173,"column":8},"end":{"line":173,"column":36}},"26":{"start":{"line":178,"column":8},"end":{"line":178,"column":25}}},"branchMap":{"1":{"line":68,"type":"if","locations":[{"start":{"line":68,"column":8},"end":{"line":68,"column":8}},{"start":{"line":68,"column":8},"end":{"line":68,"column":8}}]},"2":{"line":69,"type":"if","locations":[{"start":{"line":69,"column":8},"end":{"line":69,"column":8}},{"start":{"line":69,"column":8},"end":{"line":69,"column":8}}]},"3":{"line":105,"type":"if","locations":[{"start":{"line":105,"column":8},"end":{"line":105,"column":8}},{"start":{"line":105,"column":8},"end":{"line":105,"column":8}}]},"4":{"line":135,"type":"if","locations":[{"start":{"line":135,"column":8},"end":{"line":135,"column":8}},{"start":{"line":135,"column":8},"end":{"line":135,"column":8}}]}}},"contracts\\test\\VRFCoordinatorV2Mock.sol":{"l":{},"path":"C:\\Users\\Sosiaalinen\\LotteryRaffle\\contracts\\test\\VRFCoordinatorV2Mock.sol","s":{},"b":{},"f":{},"fnMap":{},"statementMap":{},"branchMap":{}}}